<?xml version="1.0" encoding="UTF-8"?>
<!-- Generated by org.testng.reporters.JUnitReportReporter -->
<testsuite skipped="0" hostname="EN-KasyapP" name="com.amazon.test.ComparePrice" tests="1" failures="0" timestamp="08 Feb 2018 17:45:23 GMT" time="1817.890" errors="0">
  <testcase name="test" time="1817.890" classname="com.amazon.test.ComparePrice"/>
</testsuite> <!-- com.amazon.test.ComparePrice -->
